[0m[[0m[0mdebug[0m] [0m[0m> Exec(;Test/compile; collectAnalyses, None, Some(CommandSource(network-1)))[0m
[0m[[0m[0mdebug[0m] [0m[0munmatched Processing event for requestId None: None[0m
[0m[[0m[0mdebug[0m] [0m[0munmatched Done event for requestId None: None[0m
[0m[[0m[0mdebug[0m] [0m[0m> Exec(Test/compile, None, Some(CommandSource(network-1)))[0m
[0m[[0m[0mdebug[0m] [0m[0munmatched Processing event for requestId None: None[0m
[0m[[0m[0mdebug[0m] [0m[0mEvaluating tasks: Test / compile[0m
[0m[[0m[0mdebug[0m] [0m[0mRunning task... Cancel: Signal, check cycles: false, forcegc: true[0m
[0m[[0m[0mdebug[0m] [0m[0mjsonRpcNotify: JsonRpcNotificationMessage(2.0, build/taskStart, {"taskId":{"id":"3","parents":[]},"eventTime":1687763762045,"message":"Compiling root","dataKind":"compile-task","data":{"target":{"uri":"file:/home/vitlinda/pjs/scala-loci-examples/#root/Compile"}}})[0m
[0m[[0m[0minfo[0m] [0m[0mcompiling 2 Scala sources to /home/vitlinda/pjs/scala-loci-examples/target/scala-2.13/classes ...[0m
[0m[[0m[0mdebug[0m] [0m[0mjsonRpcNotify: JsonRpcNotificationMessage(2.0, build/logMessage, {"type":3,"message":"compiling 2 Scala sources to /home/vitlinda/pjs/scala-loci-examples/target/scala-2.13/classes ..."})[0m
[0m[[0m[0mdebug[0m] [0m[0mjsonRpcNotify: JsonRpcNotificationMessage(2.0, build/taskProgress, {"taskId":{"id":"3","parents":[]},"eventTime":1687763764680,"message":"Compiling root (5%)","total":52,"progress":5,"dataKind":"compile-progress","data":{"target":{"uri":"file:/home/vitlinda/pjs/scala-loci-examples/#root/Compile"}}})[0m
[0m[[0m[0mdebug[0m] [0m[0mjsonRpcNotify: JsonRpcNotificationMessage(2.0, build/taskProgress, {"taskId":{"id":"3","parents":[]},"eventTime":1687763771834,"message":"Compiling root (15%)","total":52,"progress":15,"dataKind":"compile-progress","data":{"target":{"uri":"file:/home/vitlinda/pjs/scala-loci-examples/#root/Compile"}}})[0m
[0m[[0m[0mdebug[0m] [0m[0mjsonRpcNotify: JsonRpcNotificationMessage(2.0, build/taskProgress, {"taskId":{"id":"3","parents":[]},"eventTime":1687763771839,"message":"Compiling root (15%)","total":52,"progress":15,"dataKind":"compile-progress","data":{"target":{"uri":"file:/home/vitlinda/pjs/scala-loci-examples/#root/Compile"}}})[0m
[0m[[0m[0mdebug[0m] [0m[0mjsonRpcNotify: JsonRpcNotificationMessage(2.0, build/taskProgress, {"taskId":{"id":"3","parents":[]},"eventTime":1687763771889,"message":"Compiling root (25%)","total":52,"progress":25,"dataKind":"compile-progress","data":{"target":{"uri":"file:/home/vitlinda/pjs/scala-loci-examples/#root/Compile"}}})[0m
[0m[[0m[0mdebug[0m] [0m[0mjsonRpcNotify: JsonRpcNotificationMessage(2.0, build/taskProgress, {"taskId":{"id":"3","parents":[]},"eventTime":1687763772106,"message":"Compiling root (30%)","total":52,"progress":30,"dataKind":"compile-progress","data":{"target":{"uri":"file:/home/vitlinda/pjs/scala-loci-examples/#root/Compile"}}})[0m
[0m[[0m[0mdebug[0m] [0m[0mjsonRpcNotify: JsonRpcNotificationMessage(2.0, build/taskProgress, {"taskId":{"id":"3","parents":[]},"eventTime":1687763772113,"message":"Compiling root (30%)","total":52,"progress":30,"dataKind":"compile-progress","data":{"target":{"uri":"file:/home/vitlinda/pjs/scala-loci-examples/#root/Compile"}}})[0m
[0m[[0m[0mdebug[0m] [0m[0mjsonRpcNotify: JsonRpcNotificationMessage(2.0, build/taskProgress, {"taskId":{"id":"3","parents":[]},"eventTime":1687763772514,"message":"Compiling root (40%)","total":52,"progress":40,"dataKind":"compile-progress","data":{"target":{"uri":"file:/home/vitlinda/pjs/scala-loci-examples/#root/Compile"}}})[0m
[0m[[0m[0mdebug[0m] [0m[0mjsonRpcNotify: JsonRpcNotificationMessage(2.0, build/taskProgress, {"taskId":{"id":"3","parents":[]},"eventTime":1687763772870,"message":"Compiling root (50%)","total":52,"progress":50,"dataKind":"compile-progress","data":{"target":{"uri":"file:/home/vitlinda/pjs/scala-loci-examples/#root/Compile"}}})[0m
[0m[[0m[0mdebug[0m] [0m[0mjsonRpcNotify: JsonRpcNotificationMessage(2.0, build/taskProgress, {"taskId":{"id":"3","parents":[]},"eventTime":1687763772870,"message":"Compiling root (50%)","total":52,"progress":50,"dataKind":"compile-progress","data":{"target":{"uri":"file:/home/vitlinda/pjs/scala-loci-examples/#root/Compile"}}})[0m
[0m[[0m[0mdebug[0m] [0m[0mjsonRpcNotify: JsonRpcNotificationMessage(2.0, build/taskProgress, {"taskId":{"id":"3","parents":[]},"eventTime":1687763773180,"message":"Compiling root (55%)","total":52,"progress":55,"dataKind":"compile-progress","data":{"target":{"uri":"file:/home/vitlinda/pjs/scala-loci-examples/#root/Compile"}}})[0m
[0m[[0m[0mdebug[0m] [0m[0mjsonRpcNotify: JsonRpcNotificationMessage(2.0, build/taskProgress, {"taskId":{"id":"3","parents":[]},"eventTime":1687763773584,"message":"Compiling root (65%)","total":52,"progress":65,"dataKind":"compile-progress","data":{"target":{"uri":"file:/home/vitlinda/pjs/scala-loci-examples/#root/Compile"}}})[0m
[0m[[0m[0mdebug[0m] [0m[0mjsonRpcNotify: JsonRpcNotificationMessage(2.0, build/taskProgress, {"taskId":{"id":"3","parents":[]},"eventTime":1687763773585,"message":"Compiling root (65%)","total":52,"progress":65,"dataKind":"compile-progress","data":{"target":{"uri":"file:/home/vitlinda/pjs/scala-loci-examples/#root/Compile"}}})[0m
[0m[[0m[0mdebug[0m] [0m[0mjsonRpcNotify: JsonRpcNotificationMessage(2.0, build/taskProgress, {"taskId":{"id":"3","parents":[]},"eventTime":1687763773698,"message":"Compiling root (75%)","total":52,"progress":75,"dataKind":"compile-progress","data":{"target":{"uri":"file:/home/vitlinda/pjs/scala-loci-examples/#root/Compile"}}})[0m
[0m[[0m[0mdebug[0m] [0m[0mjsonRpcNotify: JsonRpcNotificationMessage(2.0, build/taskProgress, {"taskId":{"id":"3","parents":[]},"eventTime":1687763773741,"message":"Compiling root (80%)","total":52,"progress":80,"dataKind":"compile-progress","data":{"target":{"uri":"file:/home/vitlinda/pjs/scala-loci-examples/#root/Compile"}}})[0m
[0m[[0m[0mdebug[0m] [0m[0mjsonRpcNotify: JsonRpcNotificationMessage(2.0, build/taskProgress, {"taskId":{"id":"3","parents":[]},"eventTime":1687763773742,"message":"Compiling root (80%)","total":52,"progress":80,"dataKind":"compile-progress","data":{"target":{"uri":"file:/home/vitlinda/pjs/scala-loci-examples/#root/Compile"}}})[0m
[0m[[0m[0mdebug[0m] [0m[0mjsonRpcNotify: JsonRpcNotificationMessage(2.0, build/taskProgress, {"taskId":{"id":"3","parents":[]},"eventTime":1687763773860,"message":"Compiling root (90%)","total":52,"progress":90,"dataKind":"compile-progress","data":{"target":{"uri":"file:/home/vitlinda/pjs/scala-loci-examples/#root/Compile"}}})[0m
[0m[[0m[0mdebug[0m] [0m[0mjsonRpcNotify: JsonRpcNotificationMessage(2.0, build/taskProgress, {"taskId":{"id":"3","parents":[]},"eventTime":1687763774311,"message":"Compiling root (100%)","total":52,"progress":100,"dataKind":"compile-progress","data":{"target":{"uri":"file:/home/vitlinda/pjs/scala-loci-examples/#root/Compile"}}})[0m
[0m[[0m[0mdebug[0m] [0m[0mjsonRpcNotify: JsonRpcNotificationMessage(2.0, build/taskProgress, {"taskId":{"id":"3","parents":[]},"eventTime":1687763774312,"message":"Compiling root (100%)","total":52,"progress":100,"dataKind":"compile-progress","data":{"target":{"uri":"file:/home/vitlinda/pjs/scala-loci-examples/#root/Compile"}}})[0m
[0m[[0m[0mdebug[0m] [0m[0mjsonRpcNotify: JsonRpcNotificationMessage(2.0, build/publishDiagnostics, {"textDocument":{"uri":"file:///home/vitlinda/pjs/scala-loci-examples/src/main/scala/clientserver/Chat.scala"},"buildTarget":{"uri":"file:/home/vitlinda/pjs/scala-loci-examples/#root/Compile"},"diagnostics":[],"reset":true})[0m
[0m[[0m[0mdebug[0m] [0m[0mjsonRpcNotify: JsonRpcNotificationMessage(2.0, build/publishDiagnostics, {"textDocument":{"uri":"file:///home/vitlinda/pjs/scala-loci-examples/src/main/scala/simple-chat/Chat.scala"},"buildTarget":{"uri":"file:/home/vitlinda/pjs/scala-loci-examples/#root/Compile"},"diagnostics":[],"reset":true})[0m
[0m[[0m[0mdebug[0m] [0m[0mjsonRpcNotify: JsonRpcNotificationMessage(2.0, build/publishDiagnostics, {"textDocument":{"uri":"file:///home/vitlinda/pjs/scala-loci-examples/src/main/scala/p2p/P2PChat.scala"},"buildTarget":{"uri":"file:/home/vitlinda/pjs/scala-loci-examples/#root/Compile"},"diagnostics":[],"reset":true})[0m
[0m[[0m[0mdebug[0m] [0m[0mjsonRpcNotify: JsonRpcNotificationMessage(2.0, build/taskFinish, {"taskId":{"id":"3","parents":[]},"eventTime":1687763774339,"message":"Compiled root","status":1,"dataKind":"compile-report","data":{"target":{"uri":"file:/home/vitlinda/pjs/scala-loci-examples/#root/Compile"},"errors":0,"warnings":0,"time":12294}})[0m
[0m[[0m[0mdebug[0m] [0m[0mjsonRpcNotify: JsonRpcNotificationMessage(2.0, build/taskStart, {"taskId":{"id":"4","parents":[]},"eventTime":1687763774465,"message":"Compiling root-test","dataKind":"compile-task","data":{"target":{"uri":"file:/home/vitlinda/pjs/scala-loci-examples/#root/Test"}}})[0m
[0m[[0m[0mdebug[0m] [0m[0mjsonRpcNotify: JsonRpcNotificationMessage(2.0, build/taskFinish, {"taskId":{"id":"4","parents":[]},"eventTime":1687763774473,"message":"Compiled root-test","status":1,"dataKind":"compile-report","data":{"target":{"uri":"file:/home/vitlinda/pjs/scala-loci-examples/#root/Test"},"errors":0,"warnings":0,"time":8}})[0m
[0m[[0m[32msuccess[0m] [0m[0mTotal time: 13 s, completed Jun 26, 2023, 9:16:14 AM[0m
[0m[[0m[0mdebug[0m] [0m[0munmatched Done event for requestId None: None[0m
[0m[[0m[0mdebug[0m] [0m[0m> Exec(collectAnalyses, None, Some(CommandSource(network-1)))[0m
[0m[[0m[0mdebug[0m] [0m[0munmatched Processing event for requestId None: None[0m
[0m[[0m[0mdebug[0m] [0m[0mEvaluating tasks: Compile / collectAnalyses[0m
[0m[[0m[0mdebug[0m] [0m[0mRunning task... Cancel: Signal, check cycles: false, forcegc: true[0m
[0m[[0m[0mdebug[0m] [0m[0manalysis location (/home/vitlinda/pjs/scala-loci-examples/target/scala-2.13/zinc/inc_compile_2.13.zip,true)[0m
[0m[[0m[32msuccess[0m] [0m[0mTotal time: 0 s, completed Jun 26, 2023, 9:16:14 AM[0m
[0m[[0m[0mdebug[0m] [0m[0munmatched Done event for requestId None: None[0m
[0m[[0m[0mdebug[0m] [0m[0m> Exec(shell, None, None)[0m
[0m[[0m[0mdebug[0m] [0m[0mUnhandled notification received: textDocument/didOpen: JsonRpcNotificationMessage(2.0, textDocument/didOpen, {"textDocument":{"uri":"file:///home/vitlinda/pjs/scala-loci-examples/src/main/scala/clientserver/Chat.scala","languageId":"scala","version":1,"text":"package clientserver\n\npackage interactive.chatsimple\n\nimport loci.language._\nimport loci.language.transmitter.rescala._\nimport loci.communicator.tcp._\nimport loci.serializer.upickle._\n\nimport rescala.default._\n\n\n@multitier object Chat {\n  @peer type Server <: { type Tie <: Multiple[Client] }\n  @peer type Client <: { type Tie <: Single[Server] }\n\n  val message = on[Client] { Evt[String]() }\n\n  val publicMessage = on[Server] sbj { client: Remote[Client] =>\n    message.asLocalFromAllSeq collect {\n      case (remote, message) if remote != client => message\n    }\n  }\n\n  def main() = on[Client] {\n    publicMessage.asLocal observe println\n\n    for (line <- scala.io.Source.stdin.getLines())\n      message.fire(line)\n  }\n}\n\nobject Server extends App {\n  multitier start new Instance[Chat.Server](\n    listen[Chat.Client] { TCP(43053) })\n}\n\nobject Client extends App {\n  multitier start new Instance[Chat.Client](\n    connect[Chat.Server] { TCP(\"localhost\", 43053) })\n}"}})[0m
[0m[[0m[0mdebug[0m] [0m[0mUnhandled notification received: textDocument/didClose: JsonRpcNotificationMessage(2.0, textDocument/didClose, {"textDocument":{"uri":"file:///home/vitlinda/pjs/scala-loci-examples/src/main/scala/clientserver/Chat.scala"}})[0m
[0m[[0m[0mdebug[0m] [0m[0mUnhandled request received: shutdown: JsonRpcRequestMessage(2.0, ♨1, shutdown, null})[0m
