[0m[[0m[0mdebug[0m] [0m[0m> Exec(;Test/compile; collectAnalyses, None, Some(CommandSource(network-1)))[0m
[0m[[0m[0mdebug[0m] [0m[0munmatched Processing event for requestId None: None[0m
[0m[[0m[0mdebug[0m] [0m[0munmatched Done event for requestId None: None[0m
[0m[[0m[0mdebug[0m] [0m[0m> Exec(Test/compile, None, Some(CommandSource(network-1)))[0m
[0m[[0m[0mdebug[0m] [0m[0munmatched Processing event for requestId None: None[0m
[0m[[0m[0mdebug[0m] [0m[0mEvaluating tasks: Test / compile[0m
[0m[[0m[0mdebug[0m] [0m[0mRunning task... Cancel: Signal, check cycles: false, forcegc: true[0m
[0m[[0m[0mdebug[0m] [0m[0mjsonRpcNotify: JsonRpcNotificationMessage(2.0, build/taskStart, {"taskId":{"id":"15","parents":[]},"eventTime":1680521596617,"message":"Compiling root","dataKind":"compile-task","data":{"target":{"uri":"file:/home/vitlinda/pjs/scala-loci-examples/#root/Compile"}}})[0m
[0m[[0m[0mdebug[0m] [0m[0mjsonRpcNotify: JsonRpcNotificationMessage(2.0, build/taskFinish, {"taskId":{"id":"15","parents":[]},"eventTime":1680521596623,"message":"Compiled root","status":1,"dataKind":"compile-report","data":{"target":{"uri":"file:/home/vitlinda/pjs/scala-loci-examples/#root/Compile"},"errors":0,"warnings":0,"time":6}})[0m
[0m[[0m[0mdebug[0m] [0m[0mjsonRpcNotify: JsonRpcNotificationMessage(2.0, build/taskStart, {"taskId":{"id":"16","parents":[]},"eventTime":1680521596631,"message":"Compiling root-test","dataKind":"compile-task","data":{"target":{"uri":"file:/home/vitlinda/pjs/scala-loci-examples/#root/Test"}}})[0m
[0m[[0m[0mdebug[0m] [0m[0mjsonRpcNotify: JsonRpcNotificationMessage(2.0, build/taskFinish, {"taskId":{"id":"16","parents":[]},"eventTime":1680521596642,"message":"Compiled root-test","status":1,"dataKind":"compile-report","data":{"target":{"uri":"file:/home/vitlinda/pjs/scala-loci-examples/#root/Test"},"errors":0,"warnings":0,"time":11}})[0m
[0m[[0m[32msuccess[0m] [0m[0mTotal time: 0 s, completed Apr 3, 2023, 1:33:16 PM[0m
[0m[[0m[0mdebug[0m] [0m[0munmatched Done event for requestId None: None[0m
[0m[[0m[0mdebug[0m] [0m[0m> Exec(collectAnalyses, None, Some(CommandSource(network-1)))[0m
[0m[[0m[0mdebug[0m] [0m[0munmatched Processing event for requestId None: None[0m
[0m[[0m[0mdebug[0m] [0m[0mEvaluating tasks: Compile / collectAnalyses[0m
[0m[[0m[0mdebug[0m] [0m[0mRunning task... Cancel: Signal, check cycles: false, forcegc: true[0m
[0m[[0m[0mdebug[0m] [0m[0manalysis location (/home/vitlinda/pjs/scala-loci-examples/target/scala-2.13/zinc/inc_compile_2.13.zip,true)[0m
[0m[[0m[32msuccess[0m] [0m[0mTotal time: 0 s, completed Apr 3, 2023, 1:33:16 PM[0m
[0m[[0m[0mdebug[0m] [0m[0munmatched Done event for requestId None: None[0m
[0m[[0m[0mdebug[0m] [0m[0m> Exec(shell, None, None)[0m
[0m[[0m[0mdebug[0m] [0m[0mUnhandled request received: shutdown: JsonRpcRequestMessage(2.0, ♨4, shutdown, null})[0m
